Using pre-set license
Built from '2022.2/staging' branch; Version is '2022.2.9f1 (1cc571a6ec95) revision 1885553'; Using compiler version '192829333'; Build Type 'Release'
OS: 'Windows 11  (10.0.22621) 64bit Professional' Language: 'en' Physical Memory: 16297 MB
BatchMode: 1, IsHumanControllingUs: 0, StartBugReporterOnCrash: 0, Is64bit: 1, IsPro: 1

COMMAND LINE ARGUMENTS:
C:\Program Files\Unity\Hub\Editor\2022.2.9f1\Editor\Unity.exe
-adb2
-batchMode
-noUpm
-name
AssetImportWorker4
-projectPath
C:/Users/jselm/Documents/GitHub/Racing-Game-V1/Project 1.5 (1)
-logFile
Logs/AssetImportWorker4.log
-srvPort
63064
Successfully changed project path to: C:/Users/jselm/Documents/GitHub/Racing-Game-V1/Project 1.5 (1)
C:/Users/jselm/Documents/GitHub/Racing-Game-V1/Project 1.5 (1)
[UnityMemory] Configuration Parameters - Can be set up in boot.config
    "memorysetup-bucket-allocator-granularity=16"
    "memorysetup-bucket-allocator-bucket-count=8"
    "memorysetup-bucket-allocator-block-size=33554432"
    "memorysetup-bucket-allocator-block-count=8"
    "memorysetup-main-allocator-block-size=16777216"
    "memorysetup-thread-allocator-block-size=16777216"
    "memorysetup-gfx-main-allocator-block-size=16777216"
    "memorysetup-gfx-thread-allocator-block-size=16777216"
    "memorysetup-cache-allocator-block-size=4194304"
    "memorysetup-typetree-allocator-block-size=2097152"
    "memorysetup-profiler-bucket-allocator-granularity=16"
    "memorysetup-profiler-bucket-allocator-bucket-count=8"
    "memorysetup-profiler-bucket-allocator-block-size=33554432"
    "memorysetup-profiler-bucket-allocator-block-count=8"
    "memorysetup-profiler-allocator-block-size=16777216"
    "memorysetup-profiler-editor-allocator-block-size=1048576"
    "memorysetup-temp-allocator-size-main=16777216"
    "memorysetup-job-temp-allocator-block-size=2097152"
    "memorysetup-job-temp-allocator-block-size-background=1048576"
    "memorysetup-job-temp-allocator-reduction-small-platforms=262144"
    "memorysetup-temp-allocator-size-background-worker=32768"
    "memorysetup-temp-allocator-size-job-worker=262144"
    "memorysetup-temp-allocator-size-preload-manager=33554432"
    "memorysetup-temp-allocator-size-nav-mesh-worker=65536"
    "memorysetup-temp-allocator-size-audio-worker=65536"
    "memorysetup-temp-allocator-size-cloud-worker=32768"
    "memorysetup-temp-allocator-size-gi-baking-worker=262144"
    "memorysetup-temp-allocator-size-gfx=262144"
Player connection [27480] Host "[IP] 192.168.50.219 [Port] 0 [Flags] 2 [Guid] 1416430492 [EditorId] 1416430492 [Version] 1048832 [Id] WindowsEditor(7,Not-a-PC) [Debug] 1 [PackageName] WindowsEditor [ProjectName] Editor" joined multi-casting on [225.0.0.222:54997]...

Player connection [27480] Host "[IP] 192.168.50.219 [Port] 0 [Flags] 2 [Guid] 1416430492 [EditorId] 1416430492 [Version] 1048832 [Id] WindowsEditor(7,Not-a-PC) [Debug] 1 [PackageName] WindowsEditor [ProjectName] Editor" joined alternative multi-casting on [225.0.0.222:34997]...

Refreshing native plugins compatible for Editor in 40.57 ms, found 2 plugins.
Preloading 0 native plugins for Editor in 0.00 ms.
Initialize engine version: 2022.2.9f1 (1cc571a6ec95)
[Subsystems] Discovering subsystems at path C:/Program Files/Unity/Hub/Editor/2022.2.9f1/Editor/Data/Resources/UnitySubsystems
[Subsystems] Discovering subsystems at path C:/Users/jselm/Documents/GitHub/Racing-Game-V1/Project 1.5 (1)/Assets
GfxDevice: creating device client; threaded=0; jobified=0
Direct3D:
    Version:  Direct3D 11.0 [level 11.1]
    Renderer: NVIDIA GeForce RTX 2060 SUPER (ID=0x1f06)
    Vendor:   NVIDIA
    VRAM:     8019 MB
    Driver:   31.0.15.2849
Initialize mono
Mono path[0] = 'C:/Program Files/Unity/Hub/Editor/2022.2.9f1/Editor/Data/Managed'
Mono path[1] = 'C:/Program Files/Unity/Hub/Editor/2022.2.9f1/Editor/Data/MonoBleedingEdge/lib/mono/unityjit-win32'
Mono config path = 'C:/Program Files/Unity/Hub/Editor/2022.2.9f1/Editor/Data/MonoBleedingEdge/etc'
Using monoOptions --debugger-agent=transport=dt_socket,embedding=1,server=y,suspend=n,address=127.0.0.1:56900
Begin MonoManager ReloadAssembly
Registering precompiled unity dll's ...
Register platform support module: C:/Program Files/Unity/Hub/Editor/2022.2.9f1/Editor/Data/PlaybackEngines/AndroidPlayer/UnityEditor.Android.Extensions.dll
Register platform support module: C:/Program Files/Unity/Hub/Editor/2022.2.9f1/Editor/Data/PlaybackEngines/iOSSupport/UnityEditor.iOS.Extensions.dll
Register platform support module: C:/Program Files/Unity/Hub/Editor/2022.2.9f1/Editor/Data/PlaybackEngines/WindowsStandaloneSupport/UnityEditor.WindowsStandalone.Extensions.dll
Registered in 0.011648 seconds.
- Loaded All Assemblies, in  0.303 seconds
Native extension for WindowsStandalone target not found
[usbmuxd] Start listen thread
[usbmuxd] Listen thread started
Native extension for iOS target not found
Native extension for Android target not found
Android Extension - Scanning For ADB Devices 382 ms
Mono: successfully reloaded assembly
- Finished resetting the current domain, in  0.647 seconds
Domain Reload Profiling:
	ReloadAssembly (178ms)
		BeginReloadAssembly (80ms)
			ExecutionOrderSort (0ms)
			DisableScriptedObjects (0ms)
			BackupInstance (0ms)
			ReleaseScriptingObjects (0ms)
			CreateAndSetChildDomain (1ms)
		LoadAllAssembliesAndSetupDomain (0ms)
			LoadAssemblies (78ms)
			RebuildTransferFunctionScriptingTraits (0ms)
			SetupTypeCache (116ms)
				TypeCache.Initialize (115ms)
					TypeCache.ScanAssembly (114ms)
				ResolveRequiredComponents (0ms)
		FinalizeReload (0ms)
			ReleaseScriptCaches (0ms)
			RebuildScriptCaches (0ms)
			SetupLoadedEditorAssemblies (601ms)
				LogAssemblyErrors (0ms)
				InitializePlatformSupportModulesInManaged (475ms)
				SetLoadedEditorAssemblies (3ms)
				RefreshPlugins (0ms)
				BeforeProcessingInitializeOnLoad (1ms)
				ProcessInitializeOnLoadAttributes (85ms)
				ProcessInitializeOnLoadMethodAttributes (36ms)
				AfterProcessingInitializeOnLoad (0ms)
				EditorAssembliesLoaded (0ms)
			ExecutionOrderSort2 (0ms)
			AwakeInstancesAfterBackupRestoration (0ms)
========================================================================
Worker process is ready to serve import requests
Begin MonoManager ReloadAssembly
- Loaded All Assemblies, in  0.666 seconds
Refreshing native plugins compatible for Editor in 13.61 ms, found 2 plugins.
Native extension for WindowsStandalone target not found
Native extension for iOS target not found
Native extension for Android target not found
Mono: successfully reloaded assembly
Package Manager log level set to [2]
[Package Manager] Server::EnsureServerProcessIsRunning -- launch failed, reason: Unity was launched with the -noUpm command-line argument
[Package Manager] UpmClient::Send -- Unable to send message (not connected to UPM process).
[Package Manager] Cannot connect to Unity Package Manager local server
[Package Manager] Server::EnsureServerProcessIsRunning -- launch failed, reason: Unity was launched with the -noUpm command-line argument
[Package Manager] UpmClient::Send -- Unable to send message (not connected to UPM process).
[Package Manager] Cannot connect to Unity Package Manager local server
- Finished resetting the current domain, in  0.580 seconds
Domain Reload Profiling:
	ReloadAssembly (199ms)
		BeginReloadAssembly (113ms)
			ExecutionOrderSort (0ms)
			DisableScriptedObjects (5ms)
			BackupInstance (0ms)
			ReleaseScriptingObjects (0ms)
			CreateAndSetChildDomain (19ms)
		LoadAllAssembliesAndSetupDomain (460ms)
			LoadAssemblies (299ms)
			RebuildTransferFunctionScriptingTraits (0ms)
			SetupTypeCache (210ms)
				TypeCache.Initialize (189ms)
					TypeCache.ScanAssembly (185ms)
				ResolveRequiredComponents (3ms)
		FinalizeReload (0ms)
			ReleaseScriptCaches (0ms)
			RebuildScriptCaches (0ms)
			SetupLoadedEditorAssemblies (440ms)
				LogAssemblyErrors (0ms)
				InitializePlatformSupportModulesInManaged (27ms)
				SetLoadedEditorAssemblies (3ms)
				RefreshPlugins (0ms)
				BeforeProcessingInitializeOnLoad (60ms)
				ProcessInitializeOnLoadAttributes (212ms)
				ProcessInitializeOnLoadMethodAttributes (131ms)
				AfterProcessingInitializeOnLoad (8ms)
				EditorAssembliesLoaded (0ms)
			ExecutionOrderSort2 (0ms)
			AwakeInstancesAfterBackupRestoration (5ms)
Launched and connected shader compiler UnityShaderCompiler.exe after 0.08 seconds
Refreshing native plugins compatible for Editor in 17.03 ms, found 2 plugins.
Preloading 0 native plugins for Editor in 0.00 ms.
Unloading 2646 Unused Serialized files (Serialized files now loaded: 0)
Unloading 79 unused Assets / (161.6 KB). Loaded Objects now: 3110.
Memory consumption went from 0.50 GB to 0.50 GB.
Total: 7.180300 ms (FindLiveObjects: 0.329000 ms CreateObjectMapping: 0.078500 ms MarkObjects: 6.545100 ms  DeleteObjects: 0.226300 ms)

AssetImportParameters requested are different than current active one (requested -> active):
  custom:video-decoder-webm-vp8: 9c59270c3fd7afecdb556c50c9e8de78 -> 
  custom:scripting/monoscript/fileName/EnumUtilities.cs: 5a21a105f58880df6c87f84e99142f1e -> 
  custom:scripting/monoscript/fileName/INativeBanner.cs: f02486938cf8a3fab600d2aa93479dc5 -> 
  custom:scripting/monoscript/fileName/AssemblyInfoUtilities.cs: cfb54d5f8c64068dbe110183f4c779cf -> 
  custom:scripting/monoscript/fileName/IPlatform.cs: 7797606926422d17a325876f68b039f5 -> 
  custom:scripting/monoscript/fileName/UiUtils.cs: 92a38366a2a31d6040f0b68e2f09cfff -> 
  custom:scripting/monoscript/fileName/AndroidInitializationListener.cs: 0a66013131439da8021bc2252fd2fb9d -> 
  custom:container-demuxer-ogg: 62fdf1f143b41e24485cea50d1cbac27 -> 
  custom:scripting/monoscript/fileName/UnsupportedPlatform.cs: 70647992ba3772ae90af74a2f80bfe61 -> 
  custom:AudioImporter_EditorPlatform: d09bf68614088b80899f8185d706f6e7 -> 
  custom:scripting/monoscript/fileName/MetaData.cs: fcc2240d7f5939e317ba5f73924a62b0 -> 
  custom:scripting/monoscript/fileName/SkAdNetworkJsonParser.cs: 2e9a76db394ac72bcb5c1cb07b5a3eb5 -> 
  custom:scripting/monoscript/fileName/Advertisement.cs: 1aaf8094c25f08d67034b74a01cbe2c4 -> 
  custom:scripting/monoscript/fileName/Banner.cs: 3e272af97a50c7297b83c105075660c2 -> 
  custom:video-codec-MediaFoundation-h265: 746d11721c4dcdbdad8f713fa42b33f4 -> 
  custom:scripting/monoscript/fileName/MiniJSON.cs: 9dd9bd3ab85495126c7877887d3a0b4e -> 9a756635ba857311c4cad4daf90aa118
  custom:scripting/monoscript/fileName/UnityAdsShowListenerMainDispatch.cs: 1e941d5a53efb3e56adb8cf815abf8d2 -> 
  custom:scripting/monoscript/fileName/FinishEventArgs.cs: 9c3653493570649906809987784b185d -> 
  custom:scripting/monoscript/fileName/IBanner.cs: a4dd9caf870f19a68f872dad8602e5bd -> 
  custom:video-decoder-ogg-theora: a1e56fd34408186e4bbccfd4996cb3dc -> 
  custom:scripting/monoscript/fileName/ShowOptions.cs: 907853a0b23687a252768e983401a2b4 -> 
  custom:scripting/monoscript/fileName/SkAdNetworkXmlParser.cs: c4d791522d8060bb36e3ca53a1e3c472 -> 
  custom:scripting/monoscript/fileName/SkAdNetworkLocalSourceProvider.cs: cf168d41ae0339006b9d3e85924e1e18 -> 
  custom:scripting/monoscript/fileName/Placeholder.cs: dc7dc49fb88e9c6a01026b714c085c4e -> 
  custom:scripting/monoscript/fileName/ISkAdNetworkParser.cs: 00a2f1799285403c715675afc483a338 -> 
  custom:scripting/monoscript/fileName/StartEventArgs.cs: 488334481efcd4238c3d93437d51344f -> 
  custom:scripting/monoscript/fileName/IUnityLifecycleManager.cs: dc09e18ba7720d75ad974331d1cc46bb -> 
  custom:framework-win-MediaFoundation: 216162199b28c13a410421893ffa2e32 -> 
  custom:scripting/monoscript/fileName/GameIdsUi.cs: 7f9de94899f7caa856844cd5dd6bebbb -> 
  custom:scripting/monoscript/fileName/BannerPlaceholder.cs: 47bbd045968b4accb04a83cb1c004944 -> 
  custom:scripting/monoscript/fileName/PluginUtils.cs: 622cad900c32a75eb031e24b63abb3d9 -> 
  custom:scripting/monoscript/fileName/BannerOptions.cs: b20fb271839b57a288ec71ce73eb696b -> 
  custom:scripting/monoscript/fileName/SkAdNetworkRemoteSource.cs: 4ce6c78ada45cdbd9845161fe5b527d6 -> 
  custom:scripting/monoscript/fileName/AdsServiceEnabler.cs: 302965511998f922cc7771b61e27c203 -> 
  custom:scripting/monoscript/fileName/AdsSettingsProvider.cs: a37b7e055955eb28e22d58c92545d483 -> 
  custom:video-encoder-webm-vp8: eb34c28f22e8b96e1ab97ce403110664 -> 
  custom:scripting/monoscript/fileName/AdsServiceIdentifier.cs: a0c2b0ec1b0e22d4822c4f9daff3c51d -> 
  custom:scripting/monoscript/fileName/GettingStartedUi.cs: df3891749d02f246e39cc01e02e45428 -> 
  custom:scripting/monoscript/fileName/Color.cs: 052bd00c2f811370ae18ff5c84d60ae7 -> 
  custom:audio-decoder-ogg-vorbis: bf7c407c2cedff20999df2af8eb42d56 -> 
  custom:scripting/monoscript/fileName/AdsService.cs: a80fe44f6bb90ae25095abab21494c0c -> 
  custom:scripting/monoscript/fileName/AdsDashboardUrls.cs: 639222f61a8da5d8eabec0179d12155f -> 
  custom:scripting/monoscript/fileName/BannerLoadOptions.cs: 5ef109474c2f91ce9db9f6dca15b8a50 -> 
  custom:scripting/monoscript/fileName/UnityAdsInitializationListenerMainDispatch.cs: 114773e7dc48b88138ce9f5404f3c39c -> 
  custom:scripting/monoscript/fileName/AndroidLoadListener.cs: f9da6dba1ab0cee865b8bfe528cfa243 -> 
  custom:scripting/monoscript/fileName/IUnityAdsShowListener.cs: cf15f2e00edeff86a072dc96142e6ae8 -> 
  custom:scripting/monoscript/fileName/UnityLifecycleManager.cs: 778ea64b784342f7bc6183d9ebd03d04 -> 
  custom:scripting/monoscript/fileName/IUnityAdsLoadListener.cs: 50e8b68160e2f2538886aa4b7b61a0f8 -> 
  custom:scripting/monoscript/fileName/RequestGameIds.cs: 1770056b730c30e9eb20371967cc7d54 -> 
  custom:scripting/monoscript/fileName/Configuration.cs: cc24c747281f83544d6532b3b619e82e -> 
  custom:scripting/monoscript/fileName/AdsLegacyToMediationPopup.cs: 5f7f0ffc6f9fd389bdc0a71db01a99a4 -> 
  custom:scripting/monoscript/fileName/SkAdNetworkUrlParser.cs: d0c2ddc879b9c58053ead5206b8fd2ee -> 
  custom:scripting/monoscript/fileName/SkAdNetworkParser.cs: 63ea983e03422b5744f7d5ef87e509db -> 
  custom:scripting/monoscript/fileName/Platform.cs: da80c80ab243bb84b0ec9b692f173112 -> 
  custom:scripting/monoscript/fileName/SkAdNetworkLocalSource.cs: 24e2e363b7d610ab03d61705aa54cdc1 -> 
  custom:container-demuxer-webm: 4f35f7cbe854078d1ac9338744f61a02 -> 
  custom:scripting/monoscript/fileName/EditorTimer.cs: 481d241555bb2caea52276bc80c44dd0 -> 
  custom:scripting/monoscript/fileName/EditorBanner.cs: da89a45a10ffa6b32542b8936dea6fa7 -> 
  custom:scripting/monoscript/fileName/AndroidShowListener.cs: 68f60435133353c463fd4ba8612cd1d3 -> 
  custom:scripting/monoscript/fileName/BannerBundle.cs: c2862d54b4d7ad6a7c329caf69f74522 -> 
  custom:scripting/monoscript/fileName/INativePlatform.cs: 5877a011f50d2e3fb2124ddc38d59367 -> 
  custom:scripting/monoscript/fileName/UiConstants.cs: d033ded79bf016572865d25f033a7fc7 -> 
  custom:audio-encoder-webm-vorbis: bf7c407c2cedff20999df2af8eb42d56 -> 
  custom:scripting/monoscript/fileName/AdsServiceTopMenu.cs: 4259d1e69413eee1dc15f63471a1123f -> 
  custom:scripting/monoscript/fileName/EditorPlatform.cs: ebfc104a013cfcf421039da869bd9a12 -> 
  custom:scripting/monoscript/fileName/IUnityAdsInitializationListener.cs: f10a0c5171fd22d7c1e94f51b88aef68 -> 
  custom:scripting/monoscript/fileName/ApplicationQuit.cs: 693ef360f7cfde012ac34e2d78cc00f0 -> 
  custom:scripting/monoscript/fileName/CoroutineExecutor.cs: 81b7e05520d351a5d800b16cdb1a8670 -> 
  custom:scripting/monoscript/fileName/EditorGameServiceAnalyticsSender.cs: 7d3647bed1aa704685b5f6bdac30c970 -> 8bf60872ac2cc5d469b63c20e25f0d58
  custom:scripting/monoscript/fileName/SkAdNetworkFileExtension.cs: ce0d5a10118b6d2ddbd380ff99aa16e0 -> 
  custom:scripting/monoscript/fileName/UnityAdsLoadListenerMainDispatch.cs: 31f1282b5052137ed3fa7eabb52b9550 -> 
  custom:container-muxer-webm: aa71ff27fc2769a1b78a27578f13a17b -> 
  custom:scripting/monoscript/fileName/UnsupportedBanner.cs: 94092f492f62a479f89db73a4d75dfe6 -> 
  custom:scripting/monoscript/fileName/ISkAdNetworkSource.cs: 2edbde09d15b4fc45971df135bdab360 -> 
========================================================================
Received Import Request.
  Time since last request: 351499.060502 seconds.
  path: Assets/Scenes/Scene 1.4 (Rally Configuration).unity
  artifactKey: Guid(7d2853fe72576cb4ead8bb5e814b8755) Importer(815301076,1909f56bfc062723c751e8b465ee728b)
Start importing Assets/Scenes/Scene 1.4 (Rally Configuration).unity using Guid(7d2853fe72576cb4ead8bb5e814b8755) Importer(815301076,1909f56bfc062723c751e8b465ee728b)  -> (artifact id: 'd9970226be1b68331621e875443e2a60') in 0.001855 seconds 
Number of updated asset objects reloaded before import = 0
Number of asset objects unloaded after import = 0
========================================================================
Received Import Request.
  Time since last request: 56.231230 seconds.
  path: Assets/Scenes/Scene 1.1 (Long Configuration).unity
  artifactKey: Guid(4817021b6c78d6c4c95b28d5b1926bd9) Importer(815301076,1909f56bfc062723c751e8b465ee728b)
Start importing Assets/Scenes/Scene 1.1 (Long Configuration).unity using Guid(4817021b6c78d6c4c95b28d5b1926bd9) Importer(815301076,1909f56bfc062723c751e8b465ee728b)  -> (artifact id: 'af6037c72c14c07c1c13760676d4d054') in 0.000620 seconds 
Number of updated asset objects reloaded before import = 0
Number of asset objects unloaded after import = 0
========================================================================
Received Import Request.
  Time since last request: 6.039928 seconds.
  path: Assets/Scenes/Scene 1.3 (Oval Configuration).unity
  artifactKey: Guid(959dcdc54654ecf42ac80d008c816cf2) Importer(815301076,1909f56bfc062723c751e8b465ee728b)
Start importing Assets/Scenes/Scene 1.3 (Oval Configuration).unity using Guid(959dcdc54654ecf42ac80d008c816cf2) Importer(815301076,1909f56bfc062723c751e8b465ee728b)  -> (artifact id: 'e20570089a99ae25ca4662a9b6371339') in 0.000545 seconds 
Number of updated asset objects reloaded before import = 0
Number of asset objects unloaded after import = 0
========================================================================
Received Import Request.
  Time since last request: 1.391557 seconds.
  path: Assets/Scenes/Scene 1.2 (Short Configuration).unity
  artifactKey: Guid(6174a2d6b1991c44fa8c057a667c8248) Importer(815301076,1909f56bfc062723c751e8b465ee728b)
Start importing Assets/Scenes/Scene 1.2 (Short Configuration).unity using Guid(6174a2d6b1991c44fa8c057a667c8248) Importer(815301076,1909f56bfc062723c751e8b465ee728b)  -> (artifact id: '01f83b17c5cfb804e019e92b5071b910') in 0.000706 seconds 
Number of updated asset objects reloaded before import = 0
Number of asset objects unloaded after import = 0
========================================================================
Received Import Request.
  Time since last request: 5.010534 seconds.
  path: Assets/Scenes/Scene 1.1 (Long Configuration).unity
  artifactKey: Guid(4817021b6c78d6c4c95b28d5b1926bd9) Importer(815301076,1909f56bfc062723c751e8b465ee728b)
Start importing Assets/Scenes/Scene 1.1 (Long Configuration).unity using Guid(4817021b6c78d6c4c95b28d5b1926bd9) Importer(815301076,1909f56bfc062723c751e8b465ee728b)  -> (artifact id: '1a04543b264778adc6d657f000072ae8') in 0.000509 seconds 
Number of updated asset objects reloaded before import = 0
Number of asset objects unloaded after import = 0
========================================================================
Received Import Request.
  Time since last request: 1.247478 seconds.
  path: Assets/Scenes/Scene 1.2 (Short Configuration).unity
  artifactKey: Guid(6174a2d6b1991c44fa8c057a667c8248) Importer(815301076,1909f56bfc062723c751e8b465ee728b)
Start importing Assets/Scenes/Scene 1.2 (Short Configuration).unity using Guid(6174a2d6b1991c44fa8c057a667c8248) Importer(815301076,1909f56bfc062723c751e8b465ee728b)  -> (artifact id: '09e5d222d7c98603062658fa316fe87d') in 0.000537 seconds 
Number of updated asset objects reloaded before import = 0
Number of asset objects unloaded after import = 0
========================================================================
Received Import Request.
  Time since last request: 14.929117 seconds.
  path: Assets/Visual Effects/Effects/AmbientOcclusion/Resources/AmbientOcclusion.cginc
  artifactKey: Guid(7bbc8f354c22e447dbd9deb502530d91) Importer(815301076,1909f56bfc062723c751e8b465ee728b)
Start importing Assets/Visual Effects/Effects/AmbientOcclusion/Resources/AmbientOcclusion.cginc using Guid(7bbc8f354c22e447dbd9deb502530d91) Importer(815301076,1909f56bfc062723c751e8b465ee728b)  -> (artifact id: '30627978af878c422914a7965b42080b') in 0.007514 seconds 
Number of updated asset objects reloaded before import = 0
Number of asset objects unloaded after import = 1
========================================================================
Received Import Request.
  Time since last request: 0.067940 seconds.
  path: Assets/Visual Effects/Effects/Bloom/Resources/Bloom.cginc
  artifactKey: Guid(386a80fc77a074d2ca8e6f097dd68ea3) Importer(815301076,1909f56bfc062723c751e8b465ee728b)
Start importing Assets/Visual Effects/Effects/Bloom/Resources/Bloom.cginc using Guid(386a80fc77a074d2ca8e6f097dd68ea3) Importer(815301076,1909f56bfc062723c751e8b465ee728b)  -> (artifact id: '07d94c2317963ebdaf79b0f6f9ef595c') in 0.001279 seconds 
Number of updated asset objects reloaded before import = 0
Number of asset objects unloaded after import = 1
========================================================================
Received Import Request.
  Time since last request: 0.000017 seconds.
  path: Assets/Asset Pack/Animations/VehiclePoses/Kart_Pose.fbx
  artifactKey: Guid(b2995f023af0f594d95575b14531addf) Importer(815301076,1909f56bfc062723c751e8b465ee728b)
Start importing Assets/Asset Pack/Animations/VehiclePoses/Kart_Pose.fbx using Guid(b2995f023af0f594d95575b14531addf) Importer(815301076,1909f56bfc062723c751e8b465ee728b)  -> (artifact id: '73fe0ce86b4e487322eff52cef6c44ef') in 0.261135 seconds 
Number of updated asset objects reloaded before import = 0
Number of asset objects unloaded after import = 144
========================================================================
Received Import Request.
  Time since last request: 0.000023 seconds.
  path: Assets/Asset Pack/Animations/VehiclePoses/DirtBike_Pose.fbx
  artifactKey: Guid(89f24af43d7a6184eb674c18d0fa5de4) Importer(815301076,1909f56bfc062723c751e8b465ee728b)
Start importing Assets/Asset Pack/Animations/VehiclePoses/DirtBike_Pose.fbx using Guid(89f24af43d7a6184eb674c18d0fa5de4) Importer(815301076,1909f56bfc062723c751e8b465ee728b)  -> (artifact id: '52c5e6d8025d5869475803010374bd0d') in 0.097251 seconds 
Number of updated asset objects reloaded before import = 0
Number of asset objects unloaded after import = 144
========================================================================
Received Import Request.
  Time since last request: 0.000031 seconds.
  path: Assets/Asset Pack/Models/SR_Prop_Barrier_06.fbx
  artifactKey: Guid(0eb7efa79df8f9847b4670b45e9ce457) Importer(815301076,1909f56bfc062723c751e8b465ee728b)
Start importing Assets/Asset Pack/Models/SR_Prop_Barrier_06.fbx using Guid(0eb7efa79df8f9847b4670b45e9ce457) Importer(815301076,1909f56bfc062723c751e8b465ee728b)  -> (artifact id: '9935411b1420acc4aea0694d5f31ca01') in 0.013493 seconds 
Number of updated asset objects reloaded before import = 0
Number of asset objects unloaded after import = 7
========================================================================
Received Import Request.
  Time since last request: 0.000018 seconds.
  path: Assets/Course Library/Obstacles/Prop_Barrier02.prefab
  artifactKey: Guid(367149bd17c4d4d4e8868ec6a5cf8d45) Importer(815301076,1909f56bfc062723c751e8b465ee728b)
Start importing Assets/Course Library/Obstacles/Prop_Barrier02.prefab using Guid(367149bd17c4d4d4e8868ec6a5cf8d45) Importer(815301076,1909f56bfc062723c751e8b465ee728b)  -> (artifact id: 'ed8b228e4047f79abcdaf52233d5b8f9') in 0.145211 seconds 
Number of updated asset objects reloaded before import = 0
Number of asset objects unloaded after import = 13
========================================================================
Received Import Request.
  Time since last request: 0.000021 seconds.
  path: Assets/Course Library/Obstacles/Prop_Barrier01.prefab
  artifactKey: Guid(ee7d0c4ddd804dd4e95f705d43c9135e) Importer(815301076,1909f56bfc062723c751e8b465ee728b)
Start importing Assets/Course Library/Obstacles/Prop_Barrier01.prefab using Guid(ee7d0c4ddd804dd4e95f705d43c9135e) Importer(815301076,1909f56bfc062723c751e8b465ee728b)  -> (artifact id: '6e912fe1519eca81191030bca0d058b0') in 0.010795 seconds 
Number of updated asset objects reloaded before import = 0
Number of asset objects unloaded after import = 13
========================================================================
Received Import Request.
  Time since last request: 0.000020 seconds.
  path: Assets/Course Library/_Source_Files/FBX/Prop_Barrier01.fbx
  artifactKey: Guid(5bb9a811cdd73fa42975794b4c22350f) Importer(815301076,1909f56bfc062723c751e8b465ee728b)
Start importing Assets/Course Library/_Source_Files/FBX/Prop_Barrier01.fbx using Guid(5bb9a811cdd73fa42975794b4c22350f) Importer(815301076,1909f56bfc062723c751e8b465ee728b)  -> (artifact id: '919a0014ab4d3074cf0558c1ca0964aa') in 0.019447 seconds 
Number of updated asset objects reloaded before import = 0
Number of asset objects unloaded after import = 9
========================================================================
Received Import Request.
  Time since last request: 0.000042 seconds.
  path: Assets/Asset Pack/Models/SR_Prop_Barrier_04.fbx
  artifactKey: Guid(68f852f65fffcc34d8edaff6da7dfe9d) Importer(815301076,1909f56bfc062723c751e8b465ee728b)
Start importing Assets/Asset Pack/Models/SR_Prop_Barrier_04.fbx using Guid(68f852f65fffcc34d8edaff6da7dfe9d) Importer(815301076,1909f56bfc062723c751e8b465ee728b)  -> (artifact id: 'affd1bec30bac161b5768c2e443ed357') in 0.012549 seconds 
Number of updated asset objects reloaded before import = 0
Number of asset objects unloaded after import = 7
========================================================================
Received Import Request.
  Time since last request: 0.000021 seconds.
  path: Assets/Asset Pack/Models/SR_Prop_Barrier_03.fbx
  artifactKey: Guid(d07223a459d06954ba664aec437a7683) Importer(815301076,1909f56bfc062723c751e8b465ee728b)
Start importing Assets/Asset Pack/Models/SR_Prop_Barrier_03.fbx using Guid(d07223a459d06954ba664aec437a7683) Importer(815301076,1909f56bfc062723c751e8b465ee728b)  -> (artifact id: 'eb89d142e3df5e7d3eb7633be8a3042f') in 0.013015 seconds 
Number of updated asset objects reloaded before import = 0
Number of asset objects unloaded after import = 7
========================================================================
Received Import Request.
  Time since last request: 0.817304 seconds.
  path: Assets/Asset Pack/Models/SR_Prop_Barrier_Concrete_01.fbx
  artifactKey: Guid(453a741f9fb0cab4bbad887b701db0c6) Importer(815301076,1909f56bfc062723c751e8b465ee728b)
Start importing Assets/Asset Pack/Models/SR_Prop_Barrier_Concrete_01.fbx using Guid(453a741f9fb0cab4bbad887b701db0c6) Importer(815301076,1909f56bfc062723c751e8b465ee728b)  -> (artifact id: '81530357f123a1058a63ee15b16a4e07') in 0.013961 seconds 
Number of updated asset objects reloaded before import = 0
Number of asset objects unloaded after import = 7
========================================================================
Received Import Request.
  Time since last request: 0.000020 seconds.
  path: Assets/Asset Pack/Models/SR_Prop_Barrier_Concrete_03.fbx
  artifactKey: Guid(977c9d9e676456744a7537e748eaad95) Importer(815301076,1909f56bfc062723c751e8b465ee728b)
Start importing Assets/Asset Pack/Models/SR_Prop_Barrier_Concrete_03.fbx using Guid(977c9d9e676456744a7537e748eaad95) Importer(815301076,1909f56bfc062723c751e8b465ee728b)  -> (artifact id: '067f76a719cfc2ebfa9f1fd747347574') in 0.013504 seconds 
Number of updated asset objects reloaded before import = 0
Number of asset objects unloaded after import = 7
========================================================================
Received Import Request.
  Time since last request: 2.666231 seconds.
  path: Assets/Asset Pack/Prefabs/Props/SR_Prop_Barrier_Concrete_03.prefab
  artifactKey: Guid(87a8270f6c39de24d906015bdf9e8257) Importer(815301076,1909f56bfc062723c751e8b465ee728b)
Start importing Assets/Asset Pack/Prefabs/Props/SR_Prop_Barrier_Concrete_03.prefab using Guid(87a8270f6c39de24d906015bdf9e8257) Importer(815301076,1909f56bfc062723c751e8b465ee728b)  -> (artifact id: '8feb4bea6037666f3bd8fef2883a2046') in 0.014417 seconds 
Number of updated asset objects reloaded before import = 0
Number of asset objects unloaded after import = 9
========================================================================
Received Import Request.
  Time since last request: 0.000014 seconds.
  path: Assets/Asset Pack/Prefabs/Props/SR_Prop_Barrier_Metal_02.prefab
  artifactKey: Guid(7249b2ce0e95a6f47a26dc44cebe17c4) Importer(815301076,1909f56bfc062723c751e8b465ee728b)
Start importing Assets/Asset Pack/Prefabs/Props/SR_Prop_Barrier_Metal_02.prefab using Guid(7249b2ce0e95a6f47a26dc44cebe17c4) Importer(815301076,1909f56bfc062723c751e8b465ee728b)  -> (artifact id: '3c1de1a64ec087cee5485033974ae221') in 0.030427 seconds 
Number of updated asset objects reloaded before import = 0
Number of asset objects unloaded after import = 9
========================================================================
Received Import Request.
  Time since last request: 0.036077 seconds.
  path: Assets/Asset Pack/Models/SR_Prop_Barrier_Metal_02.fbx
  artifactKey: Guid(ea2b276858860c845a09c2dcfad4f3c1) Importer(815301076,1909f56bfc062723c751e8b465ee728b)
Start importing Assets/Asset Pack/Models/SR_Prop_Barrier_Metal_02.fbx using Guid(ea2b276858860c845a09c2dcfad4f3c1) Importer(815301076,1909f56bfc062723c751e8b465ee728b)  -> (artifact id: 'db5b601877bdc73a8eb7e4a6d60f562a') in 0.013551 seconds 
Number of updated asset objects reloaded before import = 0
Number of asset objects unloaded after import = 7
========================================================================
Received Import Request.
  Time since last request: 0.000017 seconds.
  path: Assets/Asset Pack/Models/SR_Prop_Barrier_Plastic_01.fbx
  artifactKey: Guid(3b6cd67cdc126e241b2d66b49542ae65) Importer(815301076,1909f56bfc062723c751e8b465ee728b)
Start importing Assets/Asset Pack/Models/SR_Prop_Barrier_Plastic_01.fbx using Guid(3b6cd67cdc126e241b2d66b49542ae65) Importer(815301076,1909f56bfc062723c751e8b465ee728b)  -> (artifact id: 'c6f9f1d7bff939c70b0c43d1442e7457') in 0.030307 seconds 
Number of updated asset objects reloaded before import = 0
Number of asset objects unloaded after import = 7
========================================================================
Received Import Request.
  Time since last request: 0.515586 seconds.
  path: Assets/Asset Pack/Models/SR_Prop_Barrier_Plastic_02.fbx
  artifactKey: Guid(ad9b93fbeec48c74bb5144bbfe8c6df4) Importer(815301076,1909f56bfc062723c751e8b465ee728b)
Start importing Assets/Asset Pack/Models/SR_Prop_Barrier_Plastic_02.fbx using Guid(ad9b93fbeec48c74bb5144bbfe8c6df4) Importer(815301076,1909f56bfc062723c751e8b465ee728b)  -> (artifact id: '9b90dba0fdf855dc49a34a8e9ca83e15') in 0.014075 seconds 
Number of updated asset objects reloaded before import = 0
Number of asset objects unloaded after import = 7
========================================================================
Received Import Request.
  Time since last request: 0.000016 seconds.
  path: Assets/Asset Pack/Prefabs/Props/SR_Prop_Barrier_Tires_02.prefab
  artifactKey: Guid(eed40c1580d083e489fa96ac8920795d) Importer(815301076,1909f56bfc062723c751e8b465ee728b)
Start importing Assets/Asset Pack/Prefabs/Props/SR_Prop_Barrier_Tires_02.prefab using Guid(eed40c1580d083e489fa96ac8920795d) Importer(815301076,1909f56bfc062723c751e8b465ee728b)  -> (artifact id: 'b94344090998c38fd8e4936a8a307fbf') in 0.014974 seconds 
Number of updated asset objects reloaded before import = 0
Number of asset objects unloaded after import = 9
========================================================================
Received Import Request.
  Time since last request: 0.265395 seconds.
  path: Assets/Asset Pack/Models/SR_Prop_Barrier_Tires_02.fbx
  artifactKey: Guid(cbb753f1e39c40c4eb51f0d88e7e8227) Importer(815301076,1909f56bfc062723c751e8b465ee728b)
Start importing Assets/Asset Pack/Models/SR_Prop_Barrier_Tires_02.fbx using Guid(cbb753f1e39c40c4eb51f0d88e7e8227) Importer(815301076,1909f56bfc062723c751e8b465ee728b)  -> (artifact id: 'fb2e3ae6b0f7ece65f5ca998374c95ee') in 0.013123 seconds 
Number of updated asset objects reloaded before import = 0
Number of asset objects unloaded after import = 7
========================================================================
Received Import Request.
  Time since last request: 0.000023 seconds.
  path: Assets/Asset Pack/Models/SR_Prop_Barrier_Tires_04.fbx
  artifactKey: Guid(5e879718505719c41939ded2d92186e5) Importer(815301076,1909f56bfc062723c751e8b465ee728b)
Start importing Assets/Asset Pack/Models/SR_Prop_Barrier_Tires_04.fbx using Guid(5e879718505719c41939ded2d92186e5) Importer(815301076,1909f56bfc062723c751e8b465ee728b)  -> (artifact id: '321583878c076b0a3f1a0ac29f772e18') in 0.012865 seconds 
Number of updated asset objects reloaded before import = 0
Number of asset objects unloaded after import = 7
========================================================================
Received Import Request.
  Time since last request: 0.402226 seconds.
  path: Assets/Asset Pack/Models/SR_Prop_Barrier_Tires_05.fbx
  artifactKey: Guid(a9f9926ef9bc9494dac799c44b450f76) Importer(815301076,1909f56bfc062723c751e8b465ee728b)
Start importing Assets/Asset Pack/Models/SR_Prop_Barrier_Tires_05.fbx using Guid(a9f9926ef9bc9494dac799c44b450f76) Importer(815301076,1909f56bfc062723c751e8b465ee728b)  -> (artifact id: 'e613d213b16cb2f6bd9c086fa9d10fdf') in 0.029215 seconds 
Number of updated asset objects reloaded before import = 0
Number of asset objects unloaded after import = 7
========================================================================
Received Import Request.
  Time since last request: 440.352830 seconds.
  path: Assets/Adaptive Performance/Settings/Samsung Android Provider Settings.asset
  artifactKey: Guid(431064e530344be41bb2d82faba6e9cb) Importer(815301076,1909f56bfc062723c751e8b465ee728b)
Start importing Assets/Adaptive Performance/Settings/Samsung Android Provider Settings.asset using Guid(431064e530344be41bb2d82faba6e9cb) Importer(815301076,1909f56bfc062723c751e8b465ee728b)  -> (artifact id: 'cbc9977c65fd904882fb2606eed8d20e') in 0.004359 seconds 
Number of updated asset objects reloaded before import = 0
Number of asset objects unloaded after import = 1
========================================================================
Received Import Request.
  Time since last request: 0.000019 seconds.
  path: Assets/Visual Effects/Effects/AmbientOcclusion/Resources/SeparableBlur.cginc
  artifactKey: Guid(483977aca491d9148948f49af8947971) Importer(815301076,1909f56bfc062723c751e8b465ee728b)
Start importing Assets/Visual Effects/Effects/AmbientOcclusion/Resources/SeparableBlur.cginc using Guid(483977aca491d9148948f49af8947971) Importer(815301076,1909f56bfc062723c751e8b465ee728b)  -> (artifact id: '6c61f75ba29d05cde128aeed5cdf19ac') in 0.001136 seconds 
Number of updated asset objects reloaded before import = 0
Number of asset objects unloaded after import = 1
========================================================================
Received Import Request.
  Time since last request: 0.000026 seconds.
  path: Assets/Asset Pack/_FX/New_FX/SimpleApocalypse_Texture.png
  artifactKey: Guid(92645d85d8f0d5d4cbca7fb2ae3ba390) Importer(815301076,1909f56bfc062723c751e8b465ee728b)
Start importing Assets/Asset Pack/_FX/New_FX/SimpleApocalypse_Texture.png using Guid(92645d85d8f0d5d4cbca7fb2ae3ba390) Importer(815301076,1909f56bfc062723c751e8b465ee728b)  -> (artifact id: '6f281f0d3e85a3ec2d0c9120247eeed4') in 0.015364 seconds 
Number of updated asset objects reloaded before import = 0
Number of asset objects unloaded after import = 2
========================================================================
Received Import Request.
  Time since last request: 0.060847 seconds.
  path: Assets/Asset Pack/Prefabs/Environment/SR_Env_Concrete_Track_CornerIntersection.prefab
  artifactKey: Guid(0796d2c02a8fd6344b33cc04574f6df4) Importer(815301076,1909f56bfc062723c751e8b465ee728b)
Start importing Assets/Asset Pack/Prefabs/Environment/SR_Env_Concrete_Track_CornerIntersection.prefab using Guid(0796d2c02a8fd6344b33cc04574f6df4) Importer(815301076,1909f56bfc062723c751e8b465ee728b)  -> (artifact id: '230db04cb51bbad5e47a0ce124709d9e') in 0.012796 seconds 
Number of updated asset objects reloaded before import = 0
Number of asset objects unloaded after import = 9
========================================================================
Received Import Request.
  Time since last request: 0.000022 seconds.
  path: Assets/Asset Pack/Models/SR_Env_Dirt_Track_Blank_Raised.fbx
  artifactKey: Guid(880279bfaba00f349b71ea81225dccf9) Importer(815301076,1909f56bfc062723c751e8b465ee728b)
Start importing Assets/Asset Pack/Models/SR_Env_Dirt_Track_Blank_Raised.fbx using Guid(880279bfaba00f349b71ea81225dccf9) Importer(815301076,1909f56bfc062723c751e8b465ee728b)  -> (artifact id: 'df8aac5d20adebeda6343b5edc43edcb') in 0.014365 seconds 
Number of updated asset objects reloaded before import = 0
Number of asset objects unloaded after import = 7
========================================================================
Received Import Request.
  Time since last request: 0.000014 seconds.
  path: Assets/Asset Pack/Prefabs/Environment/SR_Env_Dirt_Track_Blank_Raised.prefab
  artifactKey: Guid(b63ec8a4daca4be4a87385830f9dc922) Importer(815301076,1909f56bfc062723c751e8b465ee728b)
Start importing Assets/Asset Pack/Prefabs/Environment/SR_Env_Dirt_Track_Blank_Raised.prefab using Guid(b63ec8a4daca4be4a87385830f9dc922) Importer(815301076,1909f56bfc062723c751e8b465ee728b)  -> (artifact id: 'b7d4370cc545196ad3680662cc3cecad') in 0.010863 seconds 
Number of updated asset objects reloaded before import = 0
Number of asset objects unloaded after import = 9
========================================================================
Received Import Request.
  Time since last request: 2.652685 seconds.
  path: Assets/Asset Pack/Models/SimpleCharacter_Vehicle_Animations.fbx
  artifactKey: Guid(2367258d7a7590843aea64da77cbeb1a) Importer(815301076,1909f56bfc062723c751e8b465ee728b)
Start importing Assets/Asset Pack/Models/SimpleCharacter_Vehicle_Animations.fbx using Guid(2367258d7a7590843aea64da77cbeb1a) Importer(815301076,1909f56bfc062723c751e8b465ee728b)  -> (artifact id: 'd7a48cc39e9aaad0fc34a8475a592a75') in 0.008966 seconds 
Number of updated asset objects reloaded before import = 0
Number of asset objects unloaded after import = 63
========================================================================
Received Import Request.
  Time since last request: 0.000013 seconds.
  path: Assets/Asset Pack/Models/SR_Bld_Tent_Main.fbx
  artifactKey: Guid(02f3493bd95788b4190b5d567e0d12c3) Importer(815301076,1909f56bfc062723c751e8b465ee728b)
Start importing Assets/Asset Pack/Models/SR_Bld_Tent_Main.fbx using Guid(02f3493bd95788b4190b5d567e0d12c3) Importer(815301076,1909f56bfc062723c751e8b465ee728b)  -> (artifact id: '1a61b9a699df6746a2efd8dd5c833946') in 0.012260 seconds 
Number of updated asset objects reloaded before import = 0
Number of asset objects unloaded after import = 7
========================================================================
Received Import Request.
  Time since last request: 0.000014 seconds.
  path: Assets/Asset Pack/Models/SR_Bld_Tent_Shop_Blue.fbx
  artifactKey: Guid(3b1d1fd48840d8f4db7509da387b3653) Importer(815301076,1909f56bfc062723c751e8b465ee728b)
Start importing Assets/Asset Pack/Models/SR_Bld_Tent_Shop_Blue.fbx using Guid(3b1d1fd48840d8f4db7509da387b3653) Importer(815301076,1909f56bfc062723c751e8b465ee728b)  -> (artifact id: '4825397b72a1838cd7e4b17bd61aac12') in 0.015000 seconds 
Number of updated asset objects reloaded before import = 0
Number of asset objects unloaded after import = 7
========================================================================
Received Import Request.
  Time since last request: 0.000017 seconds.
  path: Assets/Asset Pack/Models/SR_Characters.fbx
  artifactKey: Guid(d8343648111185c4eb4d8b2cdb84e2d0) Importer(815301076,1909f56bfc062723c751e8b465ee728b)
Start importing Assets/Asset Pack/Models/SR_Characters.fbx using Guid(d8343648111185c4eb4d8b2cdb84e2d0) Importer(815301076,1909f56bfc062723c751e8b465ee728b)  -> (artifact id: '5642a65f7a02e7e91cd4c94d5978d9e5') in 0.006712 seconds 
Number of updated asset objects reloaded before import = 0
Number of asset objects unloaded after import = 56
========================================================================
Received Import Request.
  Time since last request: 0.000015 seconds.
  path: Assets/Asset Pack/Models/SR_Bld_Tent_Small.fbx
  artifactKey: Guid(04ca69b269fc70e4e9c8039348ad4f6c) Importer(815301076,1909f56bfc062723c751e8b465ee728b)
Start importing Assets/Asset Pack/Models/SR_Bld_Tent_Small.fbx using Guid(04ca69b269fc70e4e9c8039348ad4f6c) Importer(815301076,1909f56bfc062723c751e8b465ee728b)  -> (artifact id: 'b59d5ce2c12626a4f380578c932e19cc') in 0.014030 seconds 
Number of updated asset objects reloaded before import = 0
Number of asset objects unloaded after import = 7
========================================================================
Received Import Request.
  Time since last request: 0.000027 seconds.
  path: Assets/Asset Pack/Models/SR_Bld_Pitstop_Small.fbx
  artifactKey: Guid(69cb6e38b0058d040ad261abc8974e6a) Importer(815301076,1909f56bfc062723c751e8b465ee728b)
Start importing Assets/Asset Pack/Models/SR_Bld_Pitstop_Small.fbx using Guid(69cb6e38b0058d040ad261abc8974e6a) Importer(815301076,1909f56bfc062723c751e8b465ee728b)  -> (artifact id: '32b83369b54e8770db6ea51974743b51') in 0.012119 seconds 
Number of updated asset objects reloaded before import = 0
Number of asset objects unloaded after import = 7
========================================================================
Received Import Request.
  Time since last request: 0.000028 seconds.
  path: Assets/Asset Pack/Models/SR_Env_Concrete_Track_CornerSmooth_Grass_Skids.fbx
  artifactKey: Guid(dc58f10e6f1f1df499c1a8f0dc5098cc) Importer(815301076,1909f56bfc062723c751e8b465ee728b)
Start importing Assets/Asset Pack/Models/SR_Env_Concrete_Track_CornerSmooth_Grass_Skids.fbx using Guid(dc58f10e6f1f1df499c1a8f0dc5098cc) Importer(815301076,1909f56bfc062723c751e8b465ee728b)  -> (artifact id: '621615c4617c7188cfbe962efca85085') in 0.014313 seconds 
Number of updated asset objects reloaded before import = 0
Number of asset objects unloaded after import = 7
========================================================================
Received Import Request.
  Time since last request: 0.000019 seconds.
  path: Assets/Asset Pack/Models/SR_Env_Concrete_Track_CornerTight_01.fbx
  artifactKey: Guid(8bd92baec3e2d0c47a94aa3be3740e93) Importer(815301076,1909f56bfc062723c751e8b465ee728b)
Start importing Assets/Asset Pack/Models/SR_Env_Concrete_Track_CornerTight_01.fbx using Guid(8bd92baec3e2d0c47a94aa3be3740e93) Importer(815301076,1909f56bfc062723c751e8b465ee728b)  -> (artifact id: '9bd094a0cf494457c618b1ebcf17ee7a') in 0.012514 seconds 
Number of updated asset objects reloaded before import = 0
Number of asset objects unloaded after import = 7
========================================================================
Received Import Request.
  Time since last request: 0.000018 seconds.
  path: Assets/Asset Pack/Models/SR_Bld_Stands_Attach_Yellow.fbx
  artifactKey: Guid(5808f65284775154d902cb238d232fb2) Importer(815301076,1909f56bfc062723c751e8b465ee728b)
Start importing Assets/Asset Pack/Models/SR_Bld_Stands_Attach_Yellow.fbx using Guid(5808f65284775154d902cb238d232fb2) Importer(815301076,1909f56bfc062723c751e8b465ee728b)  -> (artifact id: '49f0e94ecf2138310478c037cfec98d9') in 0.038024 seconds 
Number of updated asset objects reloaded before import = 0
Number of asset objects unloaded after import = 22
========================================================================
Received Import Request.
  Time since last request: 0.000018 seconds.
  path: Assets/Asset Pack/Models/SR_Env_Concrete_Track_CornerTight_03.fbx
  artifactKey: Guid(6977dd637135b2b468ae2c3de5deb7d6) Importer(815301076,1909f56bfc062723c751e8b465ee728b)
Start importing Assets/Asset Pack/Models/SR_Env_Concrete_Track_CornerTight_03.fbx using Guid(6977dd637135b2b468ae2c3de5deb7d6) Importer(815301076,1909f56bfc062723c751e8b465ee728b)  -> (artifact id: '29fa7bd5eabc1ddf92f12125dd3cb8c8') in 0.011790 seconds 
Number of updated asset objects reloaded before import = 0
Number of asset objects unloaded after import = 7
========================================================================
Received Import Request.
  Time since last request: 0.000017 seconds.
  path: Assets/Asset Pack/Models/SR_Characters2.fbx
  artifactKey: Guid(4cfe2a1ae41042f49a624843e50039d9) Importer(815301076,1909f56bfc062723c751e8b465ee728b)
Start importing Assets/Asset Pack/Models/SR_Characters2.fbx using Guid(4cfe2a1ae41042f49a624843e50039d9) Importer(815301076,1909f56bfc062723c751e8b465ee728b)  -> (artifact id: '08e58b42d9a38e3c06588ed315bf24a0') in 0.047710 seconds 
Number of updated asset objects reloaded before import = 0
Number of asset objects unloaded after import = 62
========================================================================
Received Import Request.
  Time since last request: 0.000018 seconds.
  path: Assets/Asset Pack/Models/SR_Bld_Stands_Attach_Red.fbx
  artifactKey: Guid(b75adda4082b0a84ba291fc5d820db91) Importer(815301076,1909f56bfc062723c751e8b465ee728b)
Start importing Assets/Asset Pack/Models/SR_Bld_Stands_Attach_Red.fbx using Guid(b75adda4082b0a84ba291fc5d820db91) Importer(815301076,1909f56bfc062723c751e8b465ee728b)  -> (artifact id: '3615b11cd0bf43af818e220677405b5e') in 0.039853 seconds 
Number of updated asset objects reloaded before import = 0
Number of asset objects unloaded after import = 22
========================================================================
Received Import Request.
  Time since last request: 0.000019 seconds.
  path: Assets/Asset Pack/Models/SR_Env_Concrete_Track_CornerSmooth_Dirt.fbx
  artifactKey: Guid(ff7ef63c7cf00fa4595524b2fee93baa) Importer(815301076,1909f56bfc062723c751e8b465ee728b)
Start importing Assets/Asset Pack/Models/SR_Env_Concrete_Track_CornerSmooth_Dirt.fbx using Guid(ff7ef63c7cf00fa4595524b2fee93baa) Importer(815301076,1909f56bfc062723c751e8b465ee728b)  -> (artifact id: '51bfeb28130aca3c4be5147eb34db2fc') in 0.012062 seconds 
Number of updated asset objects reloaded before import = 0
Number of asset objects unloaded after import = 7
========================================================================
Received Import Request.
  Time since last request: 0.000015 seconds.
  path: Assets/Asset Pack/Models/SR_Env_Concrete_Track_CornerTight_02.fbx
  artifactKey: Guid(9e1a7a3a13d3ff241ac30f3780c4aefd) Importer(815301076,1909f56bfc062723c751e8b465ee728b)
Start importing Assets/Asset Pack/Models/SR_Env_Concrete_Track_CornerTight_02.fbx using Guid(9e1a7a3a13d3ff241ac30f3780c4aefd) Importer(815301076,1909f56bfc062723c751e8b465ee728b)  -> (artifact id: '57db9ca0b669c64963b6a0a2a7831943') in 0.014432 seconds 
Number of updated asset objects reloaded before import = 0
Number of asset objects unloaded after import = 7
========================================================================
Received Import Request.
  Time since last request: 0.000016 seconds.
  path: Assets/Asset Pack/Models/SR_Bld_Stadium_Straight.fbx
  artifactKey: Guid(dbfa52f41e768404081647b4e6d08ebb) Importer(815301076,1909f56bfc062723c751e8b465ee728b)
Start importing Assets/Asset Pack/Models/SR_Bld_Stadium_Straight.fbx using Guid(dbfa52f41e768404081647b4e6d08ebb) Importer(815301076,1909f56bfc062723c751e8b465ee728b)  -> (artifact id: '3958b38994ba696d57a1bf66625adcdd') in 0.040009 seconds 
Number of updated asset objects reloaded before import = 0
Number of asset objects unloaded after import = 22
========================================================================
Received Import Request.
  Time since last request: 5.701801 seconds.
  path: Assets/Scenes/Scene 1.4 (Rally Configuration).unity
  artifactKey: Guid(7d2853fe72576cb4ead8bb5e814b8755) Importer(815301076,1909f56bfc062723c751e8b465ee728b)
Start importing Assets/Scenes/Scene 1.4 (Rally Configuration).unity using Guid(7d2853fe72576cb4ead8bb5e814b8755) Importer(815301076,1909f56bfc062723c751e8b465ee728b)  -> (artifact id: 'f6d6426c9c4196971b8c6a1d761e8c9b') in 0.000651 seconds 
Number of updated asset objects reloaded before import = 0
Number of asset objects unloaded after import = 0
========================================================================
Received Import Request.
  Time since last request: 8.652251 seconds.
  path: Assets/Scenes/Scene 1.3 (Oval Configuration).unity
  artifactKey: Guid(959dcdc54654ecf42ac80d008c816cf2) Importer(815301076,1909f56bfc062723c751e8b465ee728b)
Start importing Assets/Scenes/Scene 1.3 (Oval Configuration).unity using Guid(959dcdc54654ecf42ac80d008c816cf2) Importer(815301076,1909f56bfc062723c751e8b465ee728b)  -> (artifact id: '801d816b9321d12b6fab435e58ca3a83') in 0.000595 seconds 
Number of updated asset objects reloaded before import = 0
Number of asset objects unloaded after import = 0
========================================================================
Received Import Request.
  Time since last request: 396.780975 seconds.
  path: Assets/Scenes/Scene 1.3 (Oval Configuration).unity
  artifactKey: Guid(959dcdc54654ecf42ac80d008c816cf2) Importer(815301076,1909f56bfc062723c751e8b465ee728b)
Start importing Assets/Scenes/Scene 1.3 (Oval Configuration).unity using Guid(959dcdc54654ecf42ac80d008c816cf2) Importer(815301076,1909f56bfc062723c751e8b465ee728b)  -> (artifact id: 'e6bcf53001a9f4935345e920f1bb1459') in 0.000573 seconds 
Number of updated asset objects reloaded before import = 0
Number of asset objects unloaded after import = 0
========================================================================
Received Import Request.
  Time since last request: 2.562468 seconds.
  path: Assets/Scenes/Scene 1.4 (Rally Configuration).unity
  artifactKey: Guid(7d2853fe72576cb4ead8bb5e814b8755) Importer(815301076,1909f56bfc062723c751e8b465ee728b)
Start importing Assets/Scenes/Scene 1.4 (Rally Configuration).unity using Guid(7d2853fe72576cb4ead8bb5e814b8755) Importer(815301076,1909f56bfc062723c751e8b465ee728b)  -> (artifact id: '6d196eba192bde2e44b77a63dc693d52') in 0.000650 seconds 
Number of updated asset objects reloaded before import = 0
Number of asset objects unloaded after import = 0
